<?xml version="1.0" encoding="UTF-8" ?>
<testsuite tests="28" failures="0" name="step_definitions.RunCukesTest" time="3.997" errors="0" skipped="0">
  <properties>
[...]
</properties>
  <testcase classname="Scenario: Normal login" name="Given User open login page" time="0.007"/>
  <testcase classname="Scenario: Normal login" name="When User input &quot;standard_user&quot; as userName and &quot;secret_sauce&quot; as password" time="0"/>
  <testcase classname="Scenario: Normal login" name="Then User succesfuly login on landing page" time="0"/>
  <testcase classname="Scenario: Normal login" name="Scenario: Normal login" time="0.984"/>
  <testcase classname="| asd |  | Epic sadface: Password is required |  |  |" name="Given User open login page" time="0"/>
  <testcase classname="| asd |  | Epic sadface: Password is required |  |  |" name="When User input &quot;asd&quot; as userName and &quot;&quot; as password" time="0"/>
  <testcase classname="| asd |  | Epic sadface: Password is required |  |  |" name="Then User will see &quot;Epic sadface: Password is required&quot; on login page" time="0.007"/>
  <testcase classname="| asd |  | Epic sadface: Password is required |  |  |" name="| asd |  | Epic sadface: Password is required |  |  |" time="0.722"/>
  <testcase classname="| standard_user | 123 | Epic sadface: Username and password do not match any user in this service |  |  |" name="Given User open login page" time="0"/>
  <testcase classname="| standard_user | 123 | Epic sadface: Username and password do not match any user in this service |  |  |" name="When User input &quot;standard_user&quot; as userName and &quot;123&quot; as password" time="0.002"/>
  <testcase classname="| standard_user | 123 | Epic sadface: Username and password do not match any user in this service |  |  |" name="Then User will see &quot;Epic sadface: Username and password do not match any user in this service&quot; on login page" time="0"/>
  <testcase classname="| standard_user | 123 | Epic sadface: Username and password do not match any user in this service |  |  |" name="| standard_user | 123 | Epic sadface: Username and password do not match any user in this service |  |  |" time="0.835"/>
  <testcase classname="| aswsw | gogo | Epic sadface: Username and password do not match any user in this service |  |  |" name="Given User open login page" time="0"/>
  <testcase classname="| aswsw | gogo | Epic sadface: Username and password do not match any user in this service |  |  |" name="When User input &quot;aswsw&quot; as userName and &quot;gogo&quot; as password" time="0.001"/>
  <testcase classname="| aswsw | gogo | Epic sadface: Username and password do not match any user in this service |  |  |" name="Then User will see &quot;Epic sadface: Username and password do not match any user in this service&quot; on login page" time="0"/>
  <testcase classname="| aswsw | gogo | Epic sadface: Username and password do not match any user in this service |  |  |" name="| aswsw | gogo | Epic sadface: Username and password do not match any user in this service |  |  |" time="0.709"/>
  <testcase classname="Scenario: User sort product with succes order" name="Given User already login" time="0"/>
  <testcase classname="Scenario: User sort product with succes order" name="And User already landing page" time="0"/>
  <testcase classname="Scenario: User sort product with succes order" name="When User sort product list by &quot;Name (Z to A)&quot;" time="0"/>
  <testcase classname="Scenario: User sort product with succes order" name="And User add item  &quot;Test.allTheThings() T-Shirt (Red)&quot; and &quot;Sauce Labs Onesie&quot; to cart" time="0"/>
  <testcase classname="Scenario: User sort product with succes order" name="And User click shopping chart icon" time="0"/>
  <testcase classname="Scenario: User sort product with succes order" name="And User remove item &quot;Test.allTheThings() T-Shirt (Red)&quot;" time="0"/>
  <testcase classname="Scenario: User sort product with succes order" name="And User click checkout" time="0"/>
  <testcase classname="Scenario: User sort product with succes order" name="And User input information checkout and continue" time="0"/>
  <testcase classname="Scenario: User sort product with succes order" name="And User verify total price order" time="0"/>
  <testcase classname="Scenario: User sort product with succes order" name="Then User click finish button" time="0"/>
  <testcase classname="Scenario: User sort product with succes order" name="And User succesfully order with text &quot;THANK YOU FOR YOUR ORDER&quot;" time="0"/>
  <testcase classname="Scenario: User sort product with succes order" name="Scenario: User sort product with succes order" time="0.73"/>
</testsuite>